#-----------------------------------------------------------
# Webtalk v2016.1 (64-bit)
# SW Build 1538259 on Fri Apr  8 15:45:27 MDT 2016
# 
# Start of session at: Sat Jun 18 16:59:52 2016
# Process ID: 11680
# Current directory: D:/flyback_controller/flyback_controller_v01/flyback_controller_v01.sdk/webtalk
# Command line: wbtcv.exe -mode batch -source sdk_webtalk.tcl
# Log file: D:/flyback_controller/flyback_controller_v01/flyback_controller_v01.sdk/webtalk/webtalk.log
# Journal file: D:/flyback_controller/flyback_controller_v01/flyback_controller_v01.sdk/webtalk\webtalk.jou
#-----------------------------------------------------------
source sdk_webtalk.tcl
# webtalk_init -webtalk_dir D:\\flyback_controller\\flyback_controller_v01\\flyback_controller_v01.sdk\\webtalk
# webtalk_register_client -client project
# webtalk_add_data -client project -key date_generated -value "sáb jun 18 16:59:49 2016" -context "software_version_and_target_device"
# webtalk_add_data -client project -key product_version -value "SDK v2016.1" -context "software_version_and_target_device"
# webtalk_add_data -client project -key build_version -value "2016.1" -context "software_version_and_target_device"
# webtalk_add_data -client project -key os_platform -value "amd64" -context "software_version_and_target_device"
# webtalk_add_data -client project -key registration_id -value "" -context "software_version_and_target_device"
# webtalk_add_data -client project -key tool_flow -value "SDK" -context "software_version_and_target_device"
# webtalk_add_data -client project -key beta -value "false" -context "software_version_and_target_device"
# webtalk_add_data -client project -key route_design -value "NA" -context "software_version_and_target_device"
# webtalk_add_data -client project -key target_family -value "NA" -context "software_version_and_target_device"
# webtalk_add_data -client project -key target_device -value "NA" -context "software_version_and_target_device"
# webtalk_add_data -client project -key target_package -value "NA" -context "software_version_and_target_device"
# webtalk_add_data -client project -key target_speed -value "NA" -context "software_version_and_target_device"
# webtalk_add_data -client project -key random_id -value "igu4d95ncbsasjm4ac12kjaccb" -context "software_version_and_target_device"
# webtalk_add_data -client project -key project_id -value "2016.1_5" -context "software_version_and_target_device"
# webtalk_add_data -client project -key project_iteration -value "5" -context "software_version_and_target_device"
# webtalk_add_data -client project -key os_name -value "" -context "user_environment"
# webtalk_add_data -client project -key os_release -value "" -context "user_environment"
# webtalk_add_data -client project -key cpu_name -value "" -context "user_environment"
# webtalk_add_data -client project -key cpu_speed -value "" -context "user_environment"
# webtalk_add_data -client project -key total_processors -value "" -context "user_environment"
# webtalk_add_data -client project -key system_ram -value "" -context "user_environment"
# webtalk_register_client -client sdk
# webtalk_add_data -client sdk -key uid -value "1466192941831" -context "sdk\\\\bsp/1466192941831"
# webtalk_add_data -client sdk -key hwid -value "1466118540341" -context "sdk\\\\bsp/1466192941831"
# webtalk_add_data -client sdk -key os -value "standalone" -context "sdk\\\\bsp/1466192941831"
# webtalk_add_data -client sdk -key apptemplate -value "openamp_echo_test" -context "sdk\\\\bsp/1466192941831"
# webtalk_add_data -client sdk -key uid -value "1466192948703" -context "sdk\\\\application/1466192948703"
# webtalk_add_data -client sdk -key hwid -value "1466118540341" -context "sdk\\\\application/1466192948703"
# webtalk_add_data -client sdk -key bspid -value "1466192941831" -context "sdk\\\\application/1466192948703"
# webtalk_add_data -client sdk -key newbsp -value "true" -context "sdk\\\\application/1466192948703"
# webtalk_add_data -client sdk -key os -value "standalone" -context "sdk\\\\application/1466192948703"
# webtalk_add_data -client sdk -key apptemplate -value "openamp_echo_test" -context "sdk\\\\application/1466192948703"
# webtalk_transmit -clientid 3584643476 -regid "" -xml D:\\flyback_controller\\flyback_controller_v01\\flyback_controller_v01.sdk\\webtalk\\usage_statistics_ext_sdk.xml -html D:\\flyback_controller\\flyback_controller_v01\\flyback_controller_v01.sdk\\webtalk\\usage_statistics_ext_sdk.html -wdm D:\\flyback_controller\\flyback_controller_v01\\flyback_controller_v01.sdk\\webtalk\\sdk_webtalk.wdm -intro "<H3>SDK Usage Report</H3><BR>"
# webtalk_terminate
INFO: [Common 17-206] Exiting Webtalk at Sat Jun 18 17:00:12 2016...
