Copyright 1986-2016 Xilinx, Inc. All Rights Reserved.
------------------------------------------------------------------------------------
| Tool Version : Vivado v.2016.1 (win64) Build 1538259 Fri Apr  8 15:45:27 MDT 2016
| Date         : Fri Jun 17 21:48:40 2016
| Host         : GonzaloUC3M running 64-bit major release  (build 9200)
| Command      : upgrade_ip
| Device       : xc7z010clg400-1
------------------------------------------------------------------------------------

Upgrade Log for IP 'top_design_ad7476_IF_0_0'

1. Summary
----------

SUCCESS in the upgrade of top_design_ad7476_IF_0_0 (gfb:ip_cores:ad7476_IF:1.0) from (Rev. 21) to (Rev. 22)






Copyright 1986-2016 Xilinx, Inc. All Rights Reserved.
------------------------------------------------------------------------------------
| Tool Version : Vivado v.2016.1 (win64) Build 1538259 Fri Apr  8 15:45:27 MDT 2016
| Date         : Fri Jun 17 21:05:30 2016
| Host         : GonzaloUC3M running 64-bit major release  (build 9200)
| Command      : upgrade_ip
| Device       : xc7z010clg400-1
------------------------------------------------------------------------------------

Upgrade Log for IP 'top_design_ad7476_IF_0_0'

1. Summary
----------

SUCCESS in the upgrade of top_design_ad7476_IF_0_0 (gfb:ip_cores:ad7476_IF:1.0) from (Rev. 20) to (Rev. 21)






Copyright 1986-2016 Xilinx, Inc. All Rights Reserved.
------------------------------------------------------------------------------------
| Tool Version : Vivado v.2016.1 (win64) Build 1538259 Fri Apr  8 15:45:27 MDT 2016
| Date         : Fri Jun 17 20:57:42 2016
| Host         : GonzaloUC3M running 64-bit major release  (build 9200)
| Command      : upgrade_ip
| Device       : xc7z010clg400-1
------------------------------------------------------------------------------------

Upgrade Log for IP 'top_design_ad7476_IF_0_0'

1. Summary
----------

SUCCESS in the upgrade of top_design_ad7476_IF_0_0 (gfb:ip_cores:ad7476_IF:1.0) from (Rev. 19) to (Rev. 20)






Copyright 1986-2016 Xilinx, Inc. All Rights Reserved.
------------------------------------------------------------------------------------
| Tool Version : Vivado v.2016.1 (win64) Build 1538259 Fri Apr  8 15:45:27 MDT 2016
| Date         : Fri Jun 17 20:09:29 2016
| Host         : GonzaloUC3M running 64-bit major release  (build 9200)
| Command      : upgrade_ip
| Device       : xc7z010clg400-1
------------------------------------------------------------------------------------

Upgrade Log for IP 'top_design_ad7476_IF_0_0'

1. Summary
----------

SUCCESS in the upgrade of top_design_ad7476_IF_0_0 (gfb:ip_cores:ad7476_IF:1.0) from (Rev. 18) to (Rev. 19)






Copyright 1986-2016 Xilinx, Inc. All Rights Reserved.
------------------------------------------------------------------------------------
| Tool Version : Vivado v.2016.1 (win64) Build 1538259 Fri Apr  8 15:45:27 MDT 2016
| Date         : Fri Jun 17 18:58:27 2016
| Host         : GonzaloUC3M running 64-bit major release  (build 9200)
| Command      : upgrade_ip
| Device       : xc7z010clg400-1
------------------------------------------------------------------------------------

Upgrade Log for IP 'top_design_system_controller_0_2'

1. Summary
----------

SUCCESS in the upgrade of top_design_system_controller_0_2 (UC3M:user:system_controller:3.0) from (Rev. 4) to (Rev. 5)






Copyright 1986-2016 Xilinx, Inc. All Rights Reserved.
------------------------------------------------------------------------------------
| Tool Version : Vivado v.2016.1 (win64) Build 1538259 Fri Apr  8 15:45:27 MDT 2016
| Date         : Fri Jun 17 18:43:59 2016
| Host         : GonzaloUC3M running 64-bit major release  (build 9200)
| Command      : upgrade_ip
| Device       : xc7z010clg400-1
------------------------------------------------------------------------------------

Upgrade Log for IP 'top_design_ad7476_IF_0_0'

1. Summary
----------

SUCCESS in the upgrade of top_design_ad7476_IF_0_0 (gfb:ip_cores:ad7476_IF:1.0) from (Rev. 17) to (Rev. 18)






Copyright 1986-2016 Xilinx, Inc. All Rights Reserved.
------------------------------------------------------------------------------------
| Tool Version : Vivado v.2016.1 (win64) Build 1538259 Fri Apr  8 15:45:27 MDT 2016
| Date         : Fri Jun 17 17:06:55 2016
| Host         : GonzaloUC3M running 64-bit major release  (build 9200)
| Command      : upgrade_ip
| Device       : xc7z010clg400-1
------------------------------------------------------------------------------------

Upgrade Log for IP 'top_design_system_controller_0_2'

1. Summary
----------

SUCCESS in the upgrade of top_design_system_controller_0_2 (UC3M:user:system_controller:3.0) from (Rev. 3) to (Rev. 4)






Copyright 1986-2016 Xilinx, Inc. All Rights Reserved.
------------------------------------------------------------------------------------
| Tool Version : Vivado v.2016.1 (win64) Build 1538259 Fri Apr  8 15:45:27 MDT 2016
| Date         : Fri Jun 17 13:11:45 2016
| Host         : GonzaloUC3M running 64-bit major release  (build 9200)
| Command      : upgrade_ip
| Device       : xc7z010clg400-1
------------------------------------------------------------------------------------

Upgrade Log for IP 'top_design_system_controller_0_0'

1. Summary
----------

SUCCESS in the upgrade of top_design_system_controller_0_0 (gfb:flyback:system_controller:2.0) from (Rev. 7) to (Rev. 8)






Copyright 1986-2016 Xilinx, Inc. All Rights Reserved.
------------------------------------------------------------------------------------
| Tool Version : Vivado v.2016.1 (win64) Build 1538259 Fri Apr  8 15:45:27 MDT 2016
| Date         : Fri Jun 17 12:35:41 2016
| Host         : GonzaloUC3M running 64-bit major release  (build 9200)
| Command      : upgrade_ip
| Device       : xc7z010clg400-1
------------------------------------------------------------------------------------

Upgrade Log for IP 'top_design_system_controller_0_0'

1. Summary
----------

SUCCESS in the upgrade of top_design_system_controller_0_0 (gfb:flyback:system_controller:2.0) from (Rev. 6) to (Rev. 7)






Copyright 1986-2016 Xilinx, Inc. All Rights Reserved.
------------------------------------------------------------------------------------
| Tool Version : Vivado v.2016.1 (win64) Build 1538259 Fri Apr  8 15:45:27 MDT 2016
| Date         : Fri Jun 17 12:35:41 2016
| Host         : GonzaloUC3M running 64-bit major release  (build 9200)
| Command      : upgrade_ip
| Device       : xc7z010clg400-1
------------------------------------------------------------------------------------

Upgrade Log for IP 'top_design_ad7476_IF_0_0'

1. Summary
----------

SUCCESS in the upgrade of top_design_ad7476_IF_0_0 (gfb:ip_cores:ad7476_IF:1.0) from (Rev. 16) to (Rev. 17)






Copyright 1986-2016 Xilinx, Inc. All Rights Reserved.
------------------------------------------------------------------------------------
| Tool Version : Vivado v.2016.1 (win64) Build 1538259 Fri Apr  8 15:45:27 MDT 2016
| Date         : Wed Jun 15 22:25:28 2016
| Host         : GonzaloUC3M running 64-bit major release  (build 9200)
| Command      : upgrade_ip
| Device       : xc7z010clg400-1
------------------------------------------------------------------------------------

Upgrade Log for IP 'top_design_rst_processing_system7_0_50M_0'

1. Summary
----------

SUCCESS in the update of top_design_rst_processing_system7_0_50M_0 (xilinx.com:ip:proc_sys_reset:5.0 (Rev. 9)) to current project options.






Copyright 1986-2016 Xilinx, Inc. All Rights Reserved.
------------------------------------------------------------------------------------
| Tool Version : Vivado v.2016.1 (win64) Build 1538259 Fri Apr  8 15:45:27 MDT 2016
| Date         : Wed Jun 15 22:25:28 2016
| Host         : GonzaloUC3M running 64-bit major release  (build 9200)
| Command      : upgrade_ip
| Device       : xc7z010clg400-1
------------------------------------------------------------------------------------

Upgrade Log for IP 'top_design_processing_system7_0_0'

1. Summary
----------

SUCCESS in the update of top_design_processing_system7_0_0 (xilinx.com:ip:processing_system7:5.5 (Rev. 3)) to current project options.

2. Upgrade messages
-------------------

WARNING: upgrade cannot add parameter PCW_TRACE_INTERNAL_WIDTH with default value 32 : a parameter called PCW_TRACE_INTERNAL_WIDTH already exists in processing_system7_v5_5
WARNING: upgrade cannot add parameter PCW_USE_AXI_NONSECURE with default value 0 : a parameter called PCW_USE_AXI_NONSECURE already exists in processing_system7_v5_5
WARNING: upgrade cannot add parameter PCW_EN_PTP_ENET0 with default value 1 : a parameter called PCW_EN_PTP_ENET0 already exists in processing_system7_v5_5
WARNING: upgrade cannot add parameter PCW_EN_PTP_ENET0 with default value 1 : a parameter called PCW_EN_PTP_ENET0 already exists in processing_system7_v5_5






Copyright 1986-2016 Xilinx, Inc. All Rights Reserved.
------------------------------------------------------------------------------------
| Tool Version : Vivado v.2016.1 (win64) Build 1538259 Fri Apr  8 15:45:27 MDT 2016
| Date         : Wed Jun 15 21:57:35 2016
| Host         : GonzaloUC3M running 64-bit major release  (build 9200)
| Command      : upgrade_ip
| Device       : xc7z010clg400-1
------------------------------------------------------------------------------------

Upgrade Log for IP 'top_design_system_controller_0_0'

1. Summary
----------

SUCCESS in the upgrade of top_design_system_controller_0_0 (gfb:flyback:system_controller:2.0) from (Rev. 5) to (Rev. 6)

