#-----------------------------------------------------------
# Vivado v2017.1 (64-bit)
# SW Build 1846317 on Fri Apr 14 18:55:03 MDT 2017
# IP Build 1846188 on Fri Apr 14 20:52:08 MDT 2017
# Start of session at: Mon Jun 12 18:49:41 2017
# Process ID: 11336
# Current directory: D:/Projects/flyback_controller_v01
# Command line: vivado.exe -gui_launcher_event rodinguilauncherevent12528 D:\Projects\flyback_controller_v01\flyback_controller_v01.xpr
# Log file: D:/Projects/flyback_controller_v01/vivado.log
# Journal file: D:/Projects/flyback_controller_v01\vivado.jou
#-----------------------------------------------------------
start_gui
open_project -read_only D:/Projects/flyback_controller_v01/flyback_controller_v01.xpr
INFO: [Project 1-313] Project file moved from 'D:/flyback_controller/flyback_controller_v01' since last save.
Scanning sources...
Finished scanning sources
WARNING: [filemgmt 56-2] IP Repository Path: Could not find the directory 'D:/Projects/ip_repo', nor could it be found using path 'D:/flyback_controller/ip_repo'.
INFO: [IP_Flow 19-234] Refreshing IP repositories
WARNING: [IP_Flow 19-2248] Failed to load user IP repository 'd:/Projects/ip_repo'; Can't find the specified path.
If this directory should no longer be in your list of user repositories, go to the IP Settings dialog and remove it.
INFO: [IP_Flow 19-2313] Loaded Vivado IP repository 'C:/Xilinx/Vivado/2017.1/data/ip'.
WARNING: [BD 41-1663] The design 'top_design.bd' is locked for any modification. Locked reason(s):
* Project read-only. Please run 'save_project_as' before making any change to the bd-design. 

WARNING: [BD 41-1661] One or more IPs have been locked in the design 'top_design.bd'. Please run report_ip_status for more details and recommendations on how to fix this issue.
List of locked IPs:
top_design_processing_system7_0_axi_periph_0
top_design_rst_processing_system7_0_100M_1
top_design_auto_pc_0
top_design_processing_system7_0_0
top_design_xbar_0
top_design_dPWM_0_0
top_design_ad7476_IF_0_0
top_design_Dig_compensator_0_0
top_design_system_controller_0_2

WARNING: [Project 1-229] Project 'flyback_controller_v01.xpr' is read-only and therefore could not be upgraded for this version of Vivado.  Use 'File | Save Project As...' if you wish to save an upgraded copy.
open_project: Time (s): cpu = 00:00:11 ; elapsed = 00:00:07 . Memory (MB): peak = 807.809 ; gain = 45.531
update_compile_order -fileset sources_1
save_project_as flyback_revA D:/Projects/flyback/vivado/flyback_revA -force
WARNING: [IP_Flow 19-2162] IP 'top_design_processing_system7_0_0' is locked:
* IP definition 'ZYNQ7 Processing System (5.5)' for IP 'top_design_processing_system7_0_0' (customized with software release 2016.1) has a different revision in the IP Catalog.
Please select 'Report IP Status' from the 'Tools/Report' menu or run Tcl command 'report_ip_status' for more information.
WARNING: [IP_Flow 19-2162] IP 'top_design_processing_system7_0_axi_periph_0' is locked:
* IP definition 'AXI Interconnect (2.1)' for IP 'top_design_processing_system7_0_axi_periph_0' (customized with software release 2016.1) has a different revision in the IP Catalog.
Please select 'Report IP Status' from the 'Tools/Report' menu or run Tcl command 'report_ip_status' for more information.
WARNING: [IP_Flow 19-2162] IP 'top_design_rst_processing_system7_0_100M_1' is locked:
* IP definition 'Processor System Reset (5.0)' for IP 'top_design_rst_processing_system7_0_100M_1' (customized with software release 2016.1) has a different revision in the IP Catalog.
Please select 'Report IP Status' from the 'Tools/Report' menu or run Tcl command 'report_ip_status' for more information.
WARNING: [IP_Flow 19-2162] IP 'top_design_dPWM_0_0' is locked:
* IP definition 'dPWM (1.0)' for IP 'top_design_dPWM_0_0' (customized with software release 2016.1) was not found in the IP Catalog.
Please select 'Report IP Status' from the 'Tools/Report' menu or run Tcl command 'report_ip_status' for more information.
WARNING: [IP_Flow 19-2162] IP 'top_design_ad7476_IF_0_0' is locked:
* IP definition 'ad7476_IF (1.0)' for IP 'top_design_ad7476_IF_0_0' (customized with software release 2016.1) was not found in the IP Catalog.
Please select 'Report IP Status' from the 'Tools/Report' menu or run Tcl command 'report_ip_status' for more information.
WARNING: [IP_Flow 19-2162] IP 'top_design_Dig_compensator_0_0' is locked:
* IP definition 'Dig_compensator (1.0)' for IP 'top_design_Dig_compensator_0_0' (customized with software release 2016.1) was not found in the IP Catalog.
Please select 'Report IP Status' from the 'Tools/Report' menu or run Tcl command 'report_ip_status' for more information.
WARNING: [IP_Flow 19-2162] IP 'top_design_xbar_0' is locked:
* IP definition 'AXI Crossbar (2.1)' for IP 'top_design_xbar_0' (customized with software release 2016.1) has a different revision in the IP Catalog.
Please select 'Report IP Status' from the 'Tools/Report' menu or run Tcl command 'report_ip_status' for more information.
WARNING: [IP_Flow 19-2162] IP 'top_design_system_controller_0_2' is locked:
* IP definition 'system_controller (3.0)' for IP 'top_design_system_controller_0_2' (customized with software release 2016.1) was not found in the IP Catalog.
Please select 'Report IP Status' from the 'Tools/Report' menu or run Tcl command 'report_ip_status' for more information.
WARNING: [IP_Flow 19-2162] IP 'top_design_auto_pc_0' is locked:
* IP definition 'AXI Protocol Converter (2.1)' for IP 'top_design_auto_pc_0' (customized with software release 2016.1) has a different revision in the IP Catalog.
Please select 'Report IP Status' from the 'Tools/Report' menu or run Tcl command 'report_ip_status' for more information.
WARNING: [BD 41-1661] One or more IPs have been locked in the design 'top_design.bd'. Please run report_ip_status for more details and recommendations on how to fix this issue.
List of locked IPs:
top_design_processing_system7_0_axi_periph_0
top_design_rst_processing_system7_0_100M_1
top_design_auto_pc_0
top_design_processing_system7_0_0
top_design_xbar_0
top_design_dPWM_0_0
top_design_ad7476_IF_0_0
top_design_Dig_compensator_0_0
top_design_system_controller_0_2

save_project_as: Time (s): cpu = 00:00:10 ; elapsed = 00:00:11 . Memory (MB): peak = 860.102 ; gain = 14.625
report_ip_status -name ip_status 
update_ip_catalog -rebuild -scan_changes
INFO: [IP_Flow 19-234] Refreshing IP repositories
WARNING: [IP_Flow 19-2248] Failed to load user IP repository 'd:/Projects/ip_repo'; Can't find the specified path.
If this directory should no longer be in your list of user repositories, go to the IP Settings dialog and remove it.
report_ip_status -name ip_status
exit
INFO: [Common 17-206] Exiting Vivado at Mon Jun 12 19:09:13 2017...
