==============================================================
File generated by Vivado(TM) HLS - High-Level Synthesis from C, C++ and SystemC
Version: 2015.4
Copyright (C) 2015 Xilinx Inc. All rights reserved.

==============================================================

@I [SYN-201] Setting up clock 'default' with a period of 10ns.
@I [HLS-10] Setting target device to 'xc7z010clg400-1'
@I [SYN-201] Setting up clock 'default' with a period of 10ns.
@I [HLS-10] Analyzing design file 'digital_compensator/digital_compensator.c' ... 
@I [HLS-10] Validating synthesis directives ...
@I [HLS-10] Starting code transformations ...
@I [XFORM-603] Inlining function 'ap_fixed_base<62, 39, false, (ap_q_mode)5, (ap_o_mode)3, 0>::operator<<' into 'hls::cast_IEEE754<unsigned short, float>' (r:/scratch/builds/2015.4/nightly/2015_11_17_1412220/src/products/hls/hls_lib/src/hls/hls_round.h:395).
@I [XFORM-603] Inlining function 'ap_fixed_base<1, 17, false, (ap_q_mode)5, (ap_o_mode)0, 0>::overflow_adjust' into 'ap_fixed_base<1, 17, false, (ap_q_mode)5, (ap_o_mode)0, 0>::ap_fixed_base<39, 39, false, (ap_q_mode)5, (ap_o_mode)3, 0>' ().
@I [HLS-10] Checking synthesizability ...
@I [XFORM-602] Inlining function 'fp_struct<float>::mantissa' into 'hls::cast_IEEE754<unsigned short, float>' (r:/scratch/builds/2015.4/nightly/2015_11_17_1412220/src/products/hls/hls_lib/src/hls/hls_round.h:392) automatically.
@I [XFORM-602] Inlining function 'fp_struct<float>::expv' into 'hls::cast_IEEE754<unsigned short, float>' (r:/scratch/builds/2015.4/nightly/2015_11_17_1412220/src/products/hls/hls_lib/src/hls/hls_round.h:395) automatically.
@I [XFORM-602] Inlining function 'fp_struct<float>::__signbit' into 'hls::cast_IEEE754<unsigned short, float>' (r:/scratch/builds/2015.4/nightly/2015_11_17_1412220/src/products/hls/hls_lib/src/hls/hls_round.h:402) automatically.
@I [XFORM-602] Inlining function '__hls_fptoui_float_i16' into 'digital_compensator' (digital_compensator/digital_compensator.c:41) automatically.
@I [XFORM-602] Inlining function 'fp_struct<float>::mantissa' into 'hls::cast_IEEE754<unsigned short, float>' (r:/scratch/builds/2015.4/nightly/2015_11_17_1412220/src/products/hls/hls_lib/src/hls/hls_round.h:392) automatically.
@I [XFORM-602] Inlining function 'fp_struct<float>::expv' into 'hls::cast_IEEE754<unsigned short, float>' (r:/scratch/builds/2015.4/nightly/2015_11_17_1412220/src/products/hls/hls_lib/src/hls/hls_round.h:395) automatically.
@I [XFORM-602] Inlining function 'hls::cast_IEEE754<unsigned short, float>' into '__hls_fptoui_float_i16' (r:/scratch/builds/2015.4/nightly/2015_11_17_1412220/src/products/hls/hls_lib/src/lib_floatconversion.cpp:48) automatically.
@I [XFORM-602] Inlining function '__hls_fptoui_float_i16' into 'digital_compensator' (digital_compensator/digital_compensator.c:41) automatically.
@I [XFORM-401] Performing if-conversion on hyperblock from (r:/scratch/builds/2015.4/nightly/2015_11_17_1412220/src/products/hls/hls_lib/src/lib_floatconversion.cpp:48:43) to (digital_compensator/digital_compensator.c:43:1) in function 'digital_compensator'... converting 4 basic blocks.
@I [XFORM-401] Performing if-conversion on hyperblock from (digital_compensator/digital_compensator.c:24:3) in function 'digital_compensator'... converting 4 basic blocks.
@I [HLS-111] Elapsed time: 13.344 seconds; current memory usage: 289 MB.
@I [HLS-10] Starting hardware synthesis ...
@I [HLS-10] Synthesizing 'digital_compensator' ...
@I [HLS-10] ----------------------------------------------------------------
@I [HLS-10] -- Scheduling module 'digital_compensator' 
@I [HLS-10] ----------------------------------------------------------------
@I [SCHED-11] Starting scheduling ...
@I [SCHED-11] Finished scheduling.
@I [HLS-111] Elapsed time: 0.243 seconds; current memory usage: 289 MB.
@I [HLS-10] ----------------------------------------------------------------
@I [HLS-10] -- Exploring micro-architecture for module 'digital_compensator' 
@I [HLS-10] ----------------------------------------------------------------
@I [BIND-100] Starting micro-architecture generation ...
@I [BIND-101] Performing variable lifetime analysis.
@I [BIND-101] Exploring resource sharing.
@I [BIND-101] Binding ...
@I [BIND-100] Finished micro-architecture generation.
@I [HLS-111] Elapsed time: 0.099 seconds; current memory usage: 289 MB.
@I [HLS-10] ----------------------------------------------------------------
@I [HLS-10] -- Generating RTL for module 'digital_compensator' 
@I [HLS-10] ----------------------------------------------------------------
@I [RTGEN-500] Setting interface mode on port 'digital_compensator/v_ref' to 's_axilite & ap_none' (register).
@I [RTGEN-500] Setting interface mode on port 'digital_compensator/v_meas' to 'ap_none'.
@I [RTGEN-500] Setting interface mode on port 'digital_compensator/Kp' to 's_axilite & ap_none' (register).
@I [RTGEN-500] Setting interface mode on port 'digital_compensator/Ki2' to 's_axilite & ap_none' (register).
@I [RTGEN-500] Setting interface mode on port 'digital_compensator/u' to 'ap_none'.
@W [RTGEN-101] Port 'u' with mode 'ap_none' may require an associated data valid signal to correctly communicate with other blocks or a test bench; automatic C/RTL co-simulation may not be able to verify such a port.
@I [RTGEN-500] Setting interface mode on port 'digital_compensator/yVmeasDbg' to 's_axilite & ap_vld'.
@I [RTGEN-500] Setting interface mode on port 'digital_compensator/yDbg' to 's_axilite & ap_vld'.
@I [RTGEN-500] Setting interface mode on port 'digital_compensator/eDbg' to 's_axilite & ap_vld'.
@I [RTGEN-500] Setting interface mode on port 'digital_compensator/uDbg' to 's_axilite & ap_vld'.
@I [RTGEN-500] Setting interface mode on function 'digital_compensator' to 'ap_ctrl_hs'.
@W [RTGEN-101] Register 'sat' is power-on initialization.
@W [RTGEN-101] Register 'x_integral' is power-on initialization.
@I [RTGEN-100] Generating core module 'digital_compensator_dmul_64ns_64ns_64_6_max_dsp': 1 instance(s).
@I [RTGEN-100] Generating core module 'digital_compensator_faddfsub_32ns_32ns_32_5_full_dsp': 1 instance(s).
@I [RTGEN-100] Generating core module 'digital_compensator_fcmp_32ns_32ns_1_1': 2 instance(s).
@I [RTGEN-100] Generating core module 'digital_compensator_fmul_32ns_32ns_32_4_max_dsp': 2 instance(s).
@I [RTGEN-100] Generating core module 'digital_compensator_fptrunc_64ns_32_1': 1 instance(s).
@I [RTGEN-100] Generating core module 'digital_compensator_sitodp_32ns_64_6': 1 instance(s).
@I [RTGEN-100] Generating core module 'digital_compensator_sitofp_32ns_32_6': 1 instance(s).
@I [RTGEN-100] Finished creating RTL model for 'digital_compensator'.
@I [HLS-111] Elapsed time: 0.203 seconds; current memory usage: 289 MB.
@I [HLS-10] Finished generating all RTL models.
@I [WSYSC-301] Generating RTL SystemC for 'digital_compensator'.
@I [WVHDL-304] Generating RTL VHDL for 'digital_compensator'.
@I [WVLOG-307] Generating RTL Verilog for 'digital_compensator'.
@I [HLS-112] Total elapsed time: 15.241 seconds; peak memory usage: 289 MB.
