
****** Vivado v2015.4.1 (64-bit)
  **** SW Build 1431336 on Fri Dec 11 14:52:45 MST 2015
  **** IP Build 1427053 on Mon Dec  7 12:56:29 MST 2015
    ** Copyright 1986-2015 Xilinx, Inc. All Rights Reserved.

source run_ippack.tcl -notrace
INFO: [IP_Flow 19-234] Refreshing IP repositories
INFO: [IP_Flow 19-1704] No user IP repositories specified
INFO: [IP_Flow 19-2313] Loaded Vivado IP repository 'C:/Xilinx/Vivado/2015.4/data/ip'.
INFO: [IP_Flow 19-1686] Generating 'Synthesis' target for IP 'Dig_compensator_ap_dmul_4_max_dsp_64'...
INFO: [IP_Flow 19-1686] Generating 'Simulation' target for IP 'Dig_compensator_ap_dmul_4_max_dsp_64'...
INFO: [IP_Flow 19-1686] Generating 'Synthesis' target for IP 'Dig_compensator_ap_faddfsub_3_full_dsp_32'...
INFO: [IP_Flow 19-1686] Generating 'Simulation' target for IP 'Dig_compensator_ap_faddfsub_3_full_dsp_32'...
INFO: [IP_Flow 19-1686] Generating 'Synthesis' target for IP 'Dig_compensator_ap_fcmp_0_no_dsp_32'...
INFO: [IP_Flow 19-1686] Generating 'Simulation' target for IP 'Dig_compensator_ap_fcmp_0_no_dsp_32'...
INFO: [IP_Flow 19-1686] Generating 'Synthesis' target for IP 'Dig_compensator_ap_fmul_2_max_dsp_32'...
INFO: [IP_Flow 19-1686] Generating 'Simulation' target for IP 'Dig_compensator_ap_fmul_2_max_dsp_32'...
INFO: [IP_Flow 19-1686] Generating 'Synthesis' target for IP 'Dig_compensator_ap_fptrunc_0_no_dsp_64'...
INFO: [IP_Flow 19-1686] Generating 'Simulation' target for IP 'Dig_compensator_ap_fptrunc_0_no_dsp_64'...
INFO: [IP_Flow 19-1686] Generating 'Synthesis' target for IP 'Dig_compensator_ap_sitodp_4_no_dsp_32'...
INFO: [IP_Flow 19-1686] Generating 'Simulation' target for IP 'Dig_compensator_ap_sitodp_4_no_dsp_32'...
****** Webtalk v2015.4.1 (64-bit)
  **** SW Build 1431336 on Fri Dec 11 14:52:45 MST 2015
  **** IP Build 1427053 on Mon Dec  7 12:56:29 MST 2015
    ** Copyright 1986-2015 Xilinx, Inc. All Rights Reserved.

source D:/flyback_controller/hls/digital_compensator/psim/impl/ip/tmp.hw/webtalk/labtool_webtalk.tcl -notrace
INFO: [Common 17-206] Exiting Webtalk at Fri Feb 26 22:37:56 2016...
INFO: [IP_Flow 19-234] Refreshing IP repositories
INFO: [IP_Flow 19-1704] No user IP repositories specified
INFO: [IP_Flow 19-2313] Loaded Vivado IP repository 'C:/Xilinx/Vivado/2015.4/data/ip'.
INFO: [Common 17-206] Exiting Vivado at Fri Feb 26 22:37:58 2016...
